{"/home/lluis/Work/Examples/pr-tips/src/sumar.ts": {"path":"/home/lluis/Work/Examples/pr-tips/src/sumar.ts","statementMap":{"0":{"start":{"line":4,"column":4},"end":{"line":6,"column":null}},"1":{"start":{"line":5,"column":8},"end":{"line":5,"column":19}},"2":{"start":{"line":7,"column":4},"end":{"line":7,"column":17}},"3":{"start":{"line":3,"column":0},"end":{"line":3,"column":16}}},"fnMap":{"0":{"name":"sumar","decl":{"start":{"line":3,"column":16},"end":{"line":3,"column":21}},"loc":{"start":{"line":3,"column":42},"end":{"line":8,"column":1}}}},"branchMap":{"0":{"loc":{"start":{"line":4,"column":4},"end":{"line":6,"column":null}},"type":"if","locations":[{"start":{"line":4,"column":4},"end":{"line":6,"column":null}}]},"1":{"loc":{"start":{"line":4,"column":8},"end":{"line":4,"column":28}},"type":"binary-expr","locations":[{"start":{"line":4,"column":8},"end":{"line":4,"column":16}},{"start":{"line":4,"column":20},"end":{"line":4,"column":28}}]}},"s":{"0":1,"1":0,"2":1,"3":1},"f":{"0":1},"b":{"0":[0],"1":[1,1]}}
}
